\BOOKMARK [1][-]{section.1}{ML1\040Lab}{}% 1
\BOOKMARK [2][-]{subsection.1.1}{About\040the\040tools}{section.1}% 2
\BOOKMARK [2][-]{subsection.1.2}{Getting\040Around}{section.1}% 3
\BOOKMARK [2][-]{subsection.1.3}{Loading\040data}{section.1}% 4
\BOOKMARK [2][-]{subsection.1.4}{Exploratory\040Data\040Analysis}{section.1}% 5
\BOOKMARK [1][-]{section.2}{Data\040visualization}{}% 6
\BOOKMARK [2][-]{subsection.2.1}{Feature\040Histogram}{section.2}% 7
\BOOKMARK [3][-]{subsubsection.2.1.1}{Histogram}{subsection.2.1}% 8
\BOOKMARK [2][-]{subsection.2.2}{Separating\040dataset\040by\040a\040value}{section.2}% 9
\BOOKMARK [3][-]{subsubsection.2.2.1}{Exercise\0401.\040Draw\040a\040separated\040feature\040histogram\040for\040each\040feature}{subsection.2.2}% 10
\BOOKMARK [2][-]{subsection.2.3}{Scatterplots\040of\040feature\040pairs}{section.2}% 11
\BOOKMARK [3][-]{subsubsection.2.3.1}{Scatterplots}{subsection.2.3}% 12
\BOOKMARK [3][-]{subsubsection.2.3.2}{Exercise\0402.\040Plot\040a\040pair\040of\040features}{subsection.2.3}% 13
\BOOKMARK [2][-]{subsection.2.4}{Scatterplot\040matrix}{section.2}% 14
\BOOKMARK [3][-]{subsubsection.2.4.1}{Cheating\040with\040pandas}{subsection.2.4}% 15
\BOOKMARK [2][-]{subsection.2.5}{Appendix\0401:\040Numpy}{section.2}% 16
\BOOKMARK [2][-]{subsection.2.6}{Appendix\0402:\040Pandas}{section.2}% 17
\BOOKMARK [2][-]{subsection.2.7}{Appendix\0403:\040Kernel\040density\040plot}{section.2}% 18
\BOOKMARK [3][-]{subsubsection.2.7.1}{Line\040plots}{subsection.2.7}% 19
\BOOKMARK [3][-]{subsubsection.2.7.2}{Kernel\040density}{subsection.2.7}% 20
\BOOKMARK [3][-]{subsubsection.2.7.3}{Exercise:\040Kernel\040density\040estimates\040separated\040by\040classes}{subsection.2.7}% 21
